<?xml version="1.0" encoding="UTF-8"?>
<!-- Generated by org.testng.reporters.JUnitReportReporter -->
<testsuite skipped="0" hostname="DESKTOP-81ARGGN" name="com.vfislk.openemrtest.LoginTest" tests="3" failures="0" timestamp="2021-07-28T09:56:06 IST" time="55.957" errors="0">
  <testcase name="validCredentialTest" time="18.767" classname="com.vfislk.openemrtest.LoginTest"/>
  <system-out/>
  <testcase name="validCredentialTest" time="14.999" classname="com.vfislk.openemrtest.LoginTest"/>
  <system-out/>
  <testcase name="validCredentialTest" time="22.191" classname="com.vfislk.openemrtest.LoginTest"/>
  <system-out/>
</testsuite> <!-- com.vfislk.openemrtest.LoginTest -->
