<?xml version="1.0" encoding="UTF-8"?>
<!-- Generated by org.testng.reporters.JUnitReportReporter -->
<testsuite skipped="0" hostname="DESKTOP-81ARGGN" name="com.vfislk.openemrtest.LoginTest" tests="1" failures="0" timestamp="2021-07-27T11:36:31 IST" time="95.623" errors="0">
  <testcase name="validCredentialTest" time="95.623" classname="com.vfislk.openemrtest.LoginTest"/>
  <system-out/>
</testsuite> <!-- com.vfislk.openemrtest.LoginTest -->
