<?xml version="1.0" encoding="UTF-8"?>
<!-- Generated by org.testng.reporters.JUnitReportReporter -->
<testsuite skipped="0" hostname="DESKTOP-81ARGGN" name="com.vfislk.openemrtest.DemoTest" tests="4" failures="0" timestamp="2021-07-27T12:53:04 IST" time="0.010" errors="0">
  <testcase name="validTest" time="0.001" classname="com.vfislk.openemrtest.DemoTest"/>
  <system-out/>
  <testcase name="validTest" time="0.006" classname="com.vfislk.openemrtest.DemoTest"/>
  <system-out/>
  <testcase name="validTest" time="0.002" classname="com.vfislk.openemrtest.DemoTest"/>
  <system-out/>
  <testcase name="validTest" time="0.001" classname="com.vfislk.openemrtest.DemoTest"/>
  <system-out/>
</testsuite> <!-- com.vfislk.openemrtest.DemoTest -->
