<?xml version="1.0" encoding="UTF-8"?>
<!-- Generated by org.testng.reporters.JUnitReportReporter -->
<testsuite skipped="0" hostname="DESKTOP-81ARGGN" name="com.vfislk.openemrtest.DemoTest" tests="1" failures="0" timestamp="2021-07-28T13:43:11 IST" time="83.962" errors="0">
  <testcase name="excelRead" time="83.962" classname="com.vfislk.openemrtest.DemoTest"/>
  <system-out/>
</testsuite> <!-- com.vfislk.openemrtest.DemoTest -->
