<?xml version="1.0" encoding="UTF-8"?>
<!-- Generated by org.testng.reporters.JUnitReportReporter -->
<testsuite skipped="0" hostname="DESKTOP-81ARGGN" name="com.vfislk.openemrtest.AboutTest" tests="2" failures="0" timestamp="2021-07-30T10:13:46 IST" time="142.852" errors="0">
  <testcase name="checkHeaderAndVersionTest" time="60.678" classname="com.vfislk.openemrtest.AboutTest"/>
  <system-out/>
  <testcase name="checkHeaderAndVersionTest" time="82.174" classname="com.vfislk.openemrtest.AboutTest"/>
  <system-out/>
</testsuite> <!-- com.vfislk.openemrtest.AboutTest -->
