<?xml version="1.0" encoding="UTF-8"?>
<!-- Generated by org.testng.reporters.JUnitReportReporter -->
<testsuite skipped="0" hostname="DESKTOP-81ARGGN" name="com.vfislk.openemrtest.DemoTest" tests="1" failures="0" timestamp="2021-07-26T12:51:03 IST" time="0.009" errors="0">
  <testcase name="t1" time="0.009" classname="com.vfislk.openemrtest.DemoTest"/>
  <system-out/>
</testsuite> <!-- com.vfislk.openemrtest.DemoTest -->
