<?xml version="1.0" encoding="UTF-8"?>
<!-- Generated by org.testng.reporters.JUnitReportReporter -->
<testsuite skipped="0" hostname="DESKTOP-81ARGGN" name="com.vfislk.openemrtest.PatientTest" tests="1" failures="0" timestamp="2021-07-28T12:56:11 IST" time="74.501" errors="0">
  <testcase name="addPatientTest" time="74.501" classname="com.vfislk.openemrtest.PatientTest"/>
  <system-out/>
</testsuite> <!-- com.vfislk.openemrtest.PatientTest -->
