<?xml version="1.0" encoding="UTF-8"?>
<!-- Generated by org.testng.reporters.JUnitReportReporter -->
<testsuite skipped="0" hostname="DESKTOP-81ARGGN" name="com.vfislk.openemrtest.LoginTest" tests="4" failures="0" timestamp="2021-07-27T10:34:58 IST" time="64.947" errors="0">
  <testcase name="invalidCredentialTest" time="17.156" classname="com.vfislk.openemrtest.LoginTest"/>
  <system-out/>
  <testcase name="invalidCredentialTest" time="12.782" classname="com.vfislk.openemrtest.LoginTest"/>
  <system-out/>
  <testcase name="validCredentialTest" time="12.562" classname="com.vfislk.openemrtest.LoginTest"/>
  <system-out/>
  <testcase name="validCredentialTest" time="22.447" classname="com.vfislk.openemrtest.LoginTest"/>
  <system-out/>
</testsuite> <!-- com.vfislk.openemrtest.LoginTest -->
