<?xml version="1.0" encoding="UTF-8"?>
<!-- Generated by org.testng.reporters.JUnitReportReporter -->
<testsuite skipped="0" hostname="DESKTOP-81ARGGN" name="com.vfislk.openemrtest.AboutTest" tests="2" failures="0" timestamp="2021-07-29T12:09:22 IST" time="108.262" errors="0">
  <testcase name="checkHeaderAndVersionTest" time="24.831" classname="com.vfislk.openemrtest.AboutTest"/>
  <system-out/>
  <testcase name="checkHeaderAndVersionTest" time="83.431" classname="com.vfislk.openemrtest.AboutTest"/>
  <system-out/>
</testsuite> <!-- com.vfislk.openemrtest.AboutTest -->
