<?xml version="1.0" encoding="UTF-8"?>
<!-- Generated by org.testng.reporters.JUnitReportReporter -->
<testsuite skipped="0" hostname="DESKTOP-81ARGGN" name="com.vfislk.openemrtest.AboutTest" tests="2" failures="0" timestamp="2021-07-29T10:51:45 IST" time="39.841" errors="0">
  <testcase name="checkHeaderAndVersionTest" time="14.504" classname="com.vfislk.openemrtest.AboutTest"/>
  <system-out/>
  <testcase name="checkHeaderAndVersionTest" time="25.337" classname="com.vfislk.openemrtest.AboutTest"/>
  <system-out/>
</testsuite> <!-- com.vfislk.openemrtest.AboutTest -->
